Feb 14, 2015 3:20:11 PM org.apache.catalina.core.StandardServer await
INFO: A valid shutdown command was received via the shutdown port. Stopping the Server instance.
Feb 14, 2015 3:20:11 PM org.apache.coyote.AbstractProtocol pause
INFO: Pausing ProtocolHandler ["http-bio-8443"]
Feb 14, 2015 3:20:11 PM org.apache.catalina.core.StandardService stopInternal
INFO: Stopping service Catalina
Feb 14, 2015 3:20:11 PM org.apache.catalina.loader.WebappClassLoader clearReferencesJdbc
SEVERE: The web application [/obsplatform] registered the JDBC driver [com.mysql.jdbc.Driver] but failed to unregister it when the web application was stopped. To prevent a memory leak, the JDBC Driver has been forcibly unregistered.
Feb 14, 2015 3:20:11 PM org.apache.catalina.loader.WebappClassLoader clearReferencesThreads
SEVERE: The web application [/obsplatform] appears to have started a thread named [Abandoned connection cleanup thread] but has failed to stop it. This is very likely to create a memory leak.
Feb 14, 2015 3:20:11 PM org.apache.catalina.loader.WebappClassLoader clearReferencesThreads
SEVERE: The web application [/obsplatform] appears to have started a thread named [PoolCleaner[1112861890:1423848298636]] but has failed to stop it. This is very likely to create a memory leak.
Feb 14, 2015 3:20:11 PM org.apache.catalina.loader.WebappClassLoader clearReferencesThreads
SEVERE: The web application [/obsplatform] appears to have started a thread named [Schedulerdefault_Worker-1] but has failed to stop it. This is very likely to create a memory leak.
Feb 14, 2015 3:20:11 PM org.apache.catalina.loader.WebappClassLoader clearReferencesThreads
SEVERE: The web application [/obsplatform] appears to have started a thread named [Schedulerdefault_Worker-2] but has failed to stop it. This is very likely to create a memory leak.
Feb 14, 2015 3:20:11 PM org.apache.catalina.loader.WebappClassLoader clearReferencesThreads
SEVERE: The web application [/obsplatform] appears to have started a thread named [Schedulerdefault_Worker-3] but has failed to stop it. This is very likely to create a memory leak.
Feb 14, 2015 3:20:11 PM org.apache.catalina.loader.WebappClassLoader clearReferencesThreads
SEVERE: The web application [/obsplatform] appears to have started a thread named [Schedulerdefault_Worker-4] but has failed to stop it. This is very likely to create a memory leak.
Feb 14, 2015 3:20:11 PM org.apache.catalina.loader.WebappClassLoader clearReferencesThreads
SEVERE: The web application [/obsplatform] appears to have started a thread named [Schedulerdefault_Worker-5] but has failed to stop it. This is very likely to create a memory leak.
Feb 14, 2015 3:20:11 PM org.apache.catalina.loader.WebappClassLoader clearReferencesThreads
SEVERE: The web application [/obsplatform] appears to have started a thread named [Schedulerdefault_Worker-6] but has failed to stop it. This is very likely to create a memory leak.
Feb 14, 2015 3:20:11 PM org.apache.catalina.loader.WebappClassLoader clearReferencesThreads
SEVERE: The web application [/obsplatform] appears to have started a thread named [Schedulerdefault_Worker-7] but has failed to stop it. This is very likely to create a memory leak.
Feb 14, 2015 3:20:11 PM org.apache.catalina.loader.WebappClassLoader clearReferencesThreads
SEVERE: The web application [/obsplatform] appears to have started a thread named [Schedulerdefault_Worker-8] but has failed to stop it. This is very likely to create a memory leak.
Feb 14, 2015 3:20:11 PM org.apache.catalina.loader.WebappClassLoader clearReferencesThreads
SEVERE: The web application [/obsplatform] appears to have started a thread named [Schedulerdefault_Worker-9] but has failed to stop it. This is very likely to create a memory leak.
Feb 14, 2015 3:20:11 PM org.apache.catalina.loader.WebappClassLoader clearReferencesThreads
SEVERE: The web application [/obsplatform] appears to have started a thread named [Schedulerdefault_Worker-10] but has failed to stop it. This is very likely to create a memory leak.
Feb 14, 2015 3:20:11 PM org.apache.catalina.loader.WebappClassLoader clearReferencesThreads
SEVERE: The web application [/obsplatform] appears to have started a thread named [Schedulerdefault_Worker-11] but has failed to stop it. This is very likely to create a memory leak.
Feb 14, 2015 3:20:11 PM org.apache.catalina.loader.WebappClassLoader clearReferencesThreads
SEVERE: The web application [/obsplatform] appears to have started a thread named [Schedulerdefault_Worker-12] but has failed to stop it. This is very likely to create a memory leak.
Feb 14, 2015 3:20:11 PM org.apache.catalina.loader.WebappClassLoader clearReferencesThreads
SEVERE: The web application [/obsplatform] appears to have started a thread named [Schedulerdefault_Worker-13] but has failed to stop it. This is very likely to create a memory leak.
Feb 14, 2015 3:20:11 PM org.apache.catalina.loader.WebappClassLoader clearReferencesThreads
SEVERE: The web application [/obsplatform] appears to have started a thread named [Schedulerdefault_Worker-14] but has failed to stop it. This is very likely to create a memory leak.
Feb 14, 2015 3:20:11 PM org.apache.catalina.loader.WebappClassLoader clearReferencesThreads
SEVERE: The web application [/obsplatform] appears to have started a thread named [Timer-0] but has failed to stop it. This is very likely to create a memory leak.
Feb 14, 2015 3:20:11 PM org.apache.catalina.loader.WebappClassLoader clearReferencesThreads
SEVERE: The web application [/obsplatform] appears to have started a thread named [Schedulerdefault_QuartzSchedulerThread] but has failed to stop it. This is very likely to create a memory leak.
Feb 14, 2015 3:20:11 PM org.apache.catalina.loader.WebappClassLoader checkThreadLocalMapForLeaks
SEVERE: The web application [/obsplatform] created a ThreadLocal with key of type [java.lang.ThreadLocal] (value [java.lang.ThreadLocal@520d143c]) and a value of type [org.mifosplatform.infrastructure.core.domain.MifosPlatformTenant] (value [org.mifosplatform.infrastructure.core.domain.MifosPlatformTenant@58ab9939]) but failed to remove it when the web application was stopped. Threads are going to be renewed over time to try and avoid a probable memory leak.
Feb 14, 2015 3:20:11 PM org.apache.catalina.loader.WebappClassLoader checkThreadLocalMapForLeaks
SEVERE: The web application [/obsplatform] created a ThreadLocal with key of type [java.lang.ThreadLocal] (value [java.lang.ThreadLocal@69d89aa9]) and a value of type [org.springframework.security.core.context.SecurityContextImpl] (value [org.springframework.security.core.context.SecurityContextImpl@ffffffff: Null authentication]) but failed to remove it when the web application was stopped. Threads are going to be renewed over time to try and avoid a probable memory leak.
Feb 14, 2015 3:20:11 PM org.apache.catalina.loader.WebappClassLoader checkThreadLocalMapForLeaks
SEVERE: The web application [/obsplatform] created a ThreadLocal with key of type [java.lang.ThreadLocal] (value [java.lang.ThreadLocal@520d143c]) and a value of type [org.mifosplatform.infrastructure.core.domain.MifosPlatformTenant] (value [org.mifosplatform.infrastructure.core.domain.MifosPlatformTenant@b920389]) but failed to remove it when the web application was stopped. Threads are going to be renewed over time to try and avoid a probable memory leak.
Feb 14, 2015 3:20:11 PM org.apache.catalina.loader.WebappClassLoader checkThreadLocalMapForLeaks
SEVERE: The web application [/obsplatform] created a ThreadLocal with key of type [java.lang.ThreadLocal] (value [java.lang.ThreadLocal@520d143c]) and a value of type [org.mifosplatform.infrastructure.core.domain.MifosPlatformTenant] (value [org.mifosplatform.infrastructure.core.domain.MifosPlatformTenant@1f261d4e]) but failed to remove it when the web application was stopped. Threads are going to be renewed over time to try and avoid a probable memory leak.
Feb 14, 2015 3:20:11 PM org.apache.catalina.loader.WebappClassLoader checkThreadLocalMapForLeaks
SEVERE: The web application [/obsplatform] created a ThreadLocal with key of type [java.lang.ThreadLocal] (value [java.lang.ThreadLocal@520d143c]) and a value of type [org.mifosplatform.infrastructure.core.domain.MifosPlatformTenant] (value [org.mifosplatform.infrastructure.core.domain.MifosPlatformTenant@7f4dfbdb]) but failed to remove it when the web application was stopped. Threads are going to be renewed over time to try and avoid a probable memory leak.
Feb 14, 2015 3:20:11 PM org.apache.catalina.loader.WebappClassLoader checkThreadLocalMapForLeaks
SEVERE: The web application [/obsplatform] created a ThreadLocal with key of type [java.lang.ThreadLocal] (value [java.lang.ThreadLocal@520d143c]) and a value of type [org.mifosplatform.infrastructure.core.domain.MifosPlatformTenant] (value [org.mifosplatform.infrastructure.core.domain.MifosPlatformTenant@58d22828]) but failed to remove it when the web application was stopped. Threads are going to be renewed over time to try and avoid a probable memory leak.
Feb 14, 2015 3:20:11 PM org.apache.catalina.loader.WebappClassLoader checkThreadLocalMapForLeaks
SEVERE: The web application [/obsplatform] created a ThreadLocal with key of type [java.lang.ThreadLocal] (value [java.lang.ThreadLocal@520d143c]) and a value of type [org.mifosplatform.infrastructure.core.domain.MifosPlatformTenant] (value [org.mifosplatform.infrastructure.core.domain.MifosPlatformTenant@4d4a87a6]) but failed to remove it when the web application was stopped. Threads are going to be renewed over time to try and avoid a probable memory leak.
Feb 14, 2015 3:20:11 PM org.apache.catalina.loader.WebappClassLoader checkThreadLocalMapForLeaks
SEVERE: The web application [/obsplatform] created a ThreadLocal with key of type [java.lang.ThreadLocal] (value [java.lang.ThreadLocal@520d143c]) and a value of type [org.mifosplatform.infrastructure.core.domain.MifosPlatformTenant] (value [org.mifosplatform.infrastructure.core.domain.MifosPlatformTenant@580fcaee]) but failed to remove it when the web application was stopped. Threads are going to be renewed over time to try and avoid a probable memory leak.
Feb 14, 2015 3:20:11 PM org.apache.catalina.loader.WebappClassLoader checkThreadLocalMapForLeaks
SEVERE: The web application [/obsplatform] created a ThreadLocal with key of type [java.lang.ThreadLocal] (value [java.lang.ThreadLocal@520d143c]) and a value of type [org.mifosplatform.infrastructure.core.domain.MifosPlatformTenant] (value [org.mifosplatform.infrastructure.core.domain.MifosPlatformTenant@74d3fc6c]) but failed to remove it when the web application was stopped. Threads are going to be renewed over time to try and avoid a probable memory leak.
Feb 14, 2015 3:20:11 PM org.apache.catalina.loader.WebappClassLoader checkThreadLocalMapForLeaks
SEVERE: The web application [/obsplatform] created a ThreadLocal with key of type [java.lang.ThreadLocal] (value [java.lang.ThreadLocal@520d143c]) and a value of type [org.mifosplatform.infrastructure.core.domain.MifosPlatformTenant] (value [org.mifosplatform.infrastructure.core.domain.MifosPlatformTenant@9615260]) but failed to remove it when the web application was stopped. Threads are going to be renewed over time to try and avoid a probable memory leak.
Feb 14, 2015 3:20:11 PM org.apache.catalina.loader.WebappClassLoader checkThreadLocalMapForLeaks
SEVERE: The web application [/obsplatform] created a ThreadLocal with key of type [java.lang.ThreadLocal] (value [java.lang.ThreadLocal@520d143c]) and a value of type [org.mifosplatform.infrastructure.core.domain.MifosPlatformTenant] (value [org.mifosplatform.infrastructure.core.domain.MifosPlatformTenant@5467216f]) but failed to remove it when the web application was stopped. Threads are going to be renewed over time to try and avoid a probable memory leak.
Feb 14, 2015 3:20:11 PM org.apache.catalina.loader.WebappClassLoader checkThreadLocalMapForLeaks
SEVERE: The web application [/obsplatform] created a ThreadLocal with key of type [java.lang.ThreadLocal] (value [java.lang.ThreadLocal@520d143c]) and a value of type [org.mifosplatform.infrastructure.core.domain.MifosPlatformTenant] (value [org.mifosplatform.infrastructure.core.domain.MifosPlatformTenant@3ec429b3]) but failed to remove it when the web application was stopped. Threads are going to be renewed over time to try and avoid a probable memory leak.
Feb 14, 2015 3:20:11 PM org.apache.catalina.loader.WebappClassLoader checkThreadLocalMapForLeaks
SEVERE: The web application [/obsplatform] created a ThreadLocal with key of type [java.lang.ThreadLocal] (value [java.lang.ThreadLocal@520d143c]) and a value of type [org.mifosplatform.infrastructure.core.domain.MifosPlatformTenant] (value [org.mifosplatform.infrastructure.core.domain.MifosPlatformTenant@408dc6f6]) but failed to remove it when the web application was stopped. Threads are going to be renewed over time to try and avoid a probable memory leak.
Feb 14, 2015 3:20:11 PM org.apache.catalina.loader.WebappClassLoader checkThreadLocalMapForLeaks
SEVERE: The web application [/obsplatform] created a ThreadLocal with key of type [java.lang.ThreadLocal] (value [java.lang.ThreadLocal@520d143c]) and a value of type [org.mifosplatform.infrastructure.core.domain.MifosPlatformTenant] (value [org.mifosplatform.infrastructure.core.domain.MifosPlatformTenant@1c016196]) but failed to remove it when the web application was stopped. Threads are going to be renewed over time to try and avoid a probable memory leak.
Feb 14, 2015 3:20:11 PM org.apache.catalina.loader.WebappClassLoader checkThreadLocalMapForLeaks
SEVERE: The web application [/obsplatform] created a ThreadLocal with key of type [java.lang.ThreadLocal] (value [java.lang.ThreadLocal@520d143c]) and a value of type [org.mifosplatform.infrastructure.core.domain.MifosPlatformTenant] (value [org.mifosplatform.infrastructure.core.domain.MifosPlatformTenant@1eadcd37]) but failed to remove it when the web application was stopped. Threads are going to be renewed over time to try and avoid a probable memory leak.
Feb 14, 2015 3:20:11 PM org.apache.coyote.AbstractProtocol stop
INFO: Stopping ProtocolHandler ["http-bio-8443"]
Feb 14, 2015 3:20:11 PM org.apache.coyote.AbstractProtocol destroy
INFO: Destroying ProtocolHandler ["http-bio-8443"]
Feb 14, 2015 3:20:22 PM org.apache.coyote.AbstractProtocol init
INFO: Initializing ProtocolHandler ["http-bio-8443"]
Feb 14, 2015 3:20:23 PM org.apache.catalina.startup.Catalina load
INFO: Initialization processed in 1038 ms
Feb 14, 2015 3:20:23 PM org.apache.catalina.core.StandardService startInternal
INFO: Starting service Catalina
Feb 14, 2015 3:20:23 PM org.apache.catalina.core.StandardEngine startInternal
INFO: Starting Servlet Engine: Apache Tomcat/7.0.55
Feb 14, 2015 3:20:23 PM org.apache.catalina.startup.HostConfig deployWAR
INFO: Deploying web application archive /usr/local/tomcat7/webapps/obsplatform.war
Feb 14, 2015 3:21:00 PM org.apache.catalina.loader.WebappClassLoader loadClass
INFO: Illegal access: this web application instance has been stopped already.  Could not load ch.qos.logback.classic.spi.ThrowableProxy.  The eventual following stack trace is caused by an error thrown for debugging purposes as well as to attempt to terminate the thread which caused the illegal access, and has no functional impact.
java.lang.IllegalStateException
	at org.apache.catalina.loader.WebappClassLoader.loadClass(WebappClassLoader.java:1612)
	at org.apache.catalina.loader.WebappClassLoader.loadClass(WebappClassLoader.java:1571)
	at ch.qos.logback.classic.spi.LoggingEvent.<init>(LoggingEvent.java:124)
	at ch.qos.logback.classic.Logger.buildLoggingEventAndAppend(Logger.java:447)
	at ch.qos.logback.classic.Logger.filterAndLog_0_Or3Plus(Logger.java:403)
	at ch.qos.logback.classic.Logger.error(Logger.java:566)
	at org.quartz.core.ErrorLogger.schedulerError(QuartzScheduler.java:2361)
	at org.quartz.core.QuartzScheduler.notifySchedulerListenersError(QuartzScheduler.java:1954)
	at org.quartz.core.JobRunShell.notifyListenersBeginning(JobRunShell.java:319)
	at org.quartz.core.JobRunShell.run(JobRunShell.java:180)
	at org.quartz.simpl.SimpleThreadPool$WorkerThread.run(SimpleThreadPool.java:557)

Feb 14, 2015 3:23:28 PM org.apache.coyote.AbstractProtocol init
INFO: Initializing ProtocolHandler ["http-bio-8443"]
Feb 14, 2015 3:23:29 PM org.apache.catalina.startup.Catalina load
INFO: Initialization processed in 974 ms
Feb 14, 2015 3:23:29 PM org.apache.catalina.core.StandardService startInternal
INFO: Starting service Catalina
Feb 14, 2015 3:23:29 PM org.apache.catalina.core.StandardEngine startInternal
INFO: Starting Servlet Engine: Apache Tomcat/7.0.55
Feb 14, 2015 3:23:29 PM org.apache.catalina.startup.HostConfig deployWAR
INFO: Deploying web application archive /usr/local/tomcat7/webapps/obsplatform.war
Feb 14, 2015 3:24:34 PM com.sun.jersey.spi.spring.container.servlet.SpringServlet getContext
INFO: Using default applicationContext
Feb 14, 2015 3:24:34 PM com.sun.jersey.spi.spring.container.SpringComponentProviderFactory registerSpringBeans
INFO: Registering Spring bean, GLAccountsApiResource, of type org.mifosplatform.accounting.glaccount.api.GLAccountsApiResource as a root resource class
Feb 14, 2015 3:24:34 PM com.sun.jersey.spi.spring.container.SpringComponentProviderFactory registerSpringBeans
INFO: Registering Spring bean, autoPostingApiResource, of type org.mifosplatform.accounting.autoposting.api.AutoPostingApiResource as a root resource class
Feb 14, 2015 3:24:34 PM com.sun.jersey.spi.spring.container.SpringComponentProviderFactory registerSpringBeans
INFO: Registering Spring bean, accountingRuleApiResource, of type org.mifosplatform.accounting.rule.api.AccountingRuleApiResource as a root resource class
Feb 14, 2015 3:24:34 PM com.sun.jersey.spi.spring.container.SpringComponentProviderFactory registerSpringBeans
INFO: Registering Spring bean, journalEntriesApiResource, of type org.mifosplatform.accounting.journalentry.api.JournalEntriesApiResource as a root resource class
Feb 14, 2015 3:24:34 PM com.sun.jersey.spi.spring.container.SpringComponentProviderFactory registerSpringBeans
INFO: Registering Spring bean, GLClosuresApiResource, of type org.mifosplatform.accounting.closure.api.GLClosuresApiResource as a root resource class
Feb 14, 2015 3:24:34 PM com.sun.jersey.spi.spring.container.SpringComponentProviderFactory registerSpringBeans
INFO: Registering Spring bean, makercheckersApiResource, of type org.mifosplatform.commands.api.MakercheckersApiResource as a root resource class
Feb 14, 2015 3:24:34 PM com.sun.jersey.spi.spring.container.SpringComponentProviderFactory registerSpringBeans
INFO: Registering Spring bean, auditsApiResource, of type org.mifosplatform.commands.api.AuditsApiResource as a root resource class
Feb 14, 2015 3:24:34 PM com.sun.jersey.spi.spring.container.SpringComponentProviderFactory registerSpringBeans
INFO: Registering Spring bean, authenticationApiResource, of type org.mifosplatform.infrastructure.security.api.AuthenticationApiResource as a root resource class
Feb 14, 2015 3:24:34 PM com.sun.jersey.spi.spring.container.SpringComponentProviderFactory registerSpringBeans
INFO: Registering Spring bean, datatablesApiResource, of type org.mifosplatform.infrastructure.dataqueries.api.DatatablesApiResource as a root resource class
Feb 14, 2015 3:24:34 PM com.sun.jersey.spi.spring.container.SpringComponentProviderFactory registerSpringBeans
INFO: Registering Spring bean, runreportsApiResource, of type org.mifosplatform.infrastructure.dataqueries.api.RunreportsApiResource as a root resource class
Feb 14, 2015 3:24:34 PM com.sun.jersey.spi.spring.container.SpringComponentProviderFactory registerSpringBeans
INFO: Registering Spring bean, reportsApiResource, of type org.mifosplatform.infrastructure.dataqueries.api.ReportsApiResource as a root resource class
Feb 14, 2015 3:24:34 PM com.sun.jersey.spi.spring.container.SpringComponentProviderFactory registerSpringBeans
INFO: Registering Spring bean, cacheApiResource, of type org.mifosplatform.infrastructure.cache.api.CacheApiResource as a root resource class
Feb 14, 2015 3:24:34 PM com.sun.jersey.spi.spring.container.SpringComponentProviderFactory registerSpringBeans
INFO: Registering Spring bean, codesApiResource, of type org.mifosplatform.infrastructure.codes.api.CodesApiResource as a root resource class
Feb 14, 2015 3:24:34 PM com.sun.jersey.spi.spring.container.SpringComponentProviderFactory registerSpringBeans
INFO: Registering Spring bean, codeValuesApiResource, of type org.mifosplatform.infrastructure.codes.api.CodeValuesApiResource as a root resource class
Feb 14, 2015 3:24:34 PM com.sun.jersey.spi.spring.container.SpringComponentProviderFactory registerSpringBeans
INFO: Registering Spring bean, abstractInventoryItemDetailsExistMapper, of type org.mifosplatform.infrastructure.core.exceptionmapper.AbstractInventoryItemDetailsExistMapper as a provider class
Feb 14, 2015 3:24:34 PM com.sun.jersey.spi.spring.container.SpringComponentProviderFactory registerSpringBeans
INFO: Registering Spring bean, platformApiDataValidationExceptionMapper, of type org.mifosplatform.infrastructure.core.exceptionmapper.PlatformApiDataValidationExceptionMapper as a provider class
Feb 14, 2015 3:24:34 PM com.sun.jersey.spi.spring.container.SpringComponentProviderFactory registerSpringBeans
INFO: Registering Spring bean, invalidJsonExceptionMapper, of type org.mifosplatform.infrastructure.core.exceptionmapper.InvalidJsonExceptionMapper as a provider class
Feb 14, 2015 3:24:34 PM com.sun.jersey.spi.spring.container.SpringComponentProviderFactory registerSpringBeans
INFO: Registering Spring bean, accessDeniedExceptionMapper, of type org.mifosplatform.infrastructure.core.exceptionmapper.AccessDeniedExceptionMapper as a provider class
Feb 14, 2015 3:24:34 PM com.sun.jersey.spi.spring.container.SpringComponentProviderFactory registerSpringBeans
INFO: Registering Spring bean, unsupportedParameterExceptionMapper, of type org.mifosplatform.infrastructure.core.exceptionmapper.UnsupportedParameterExceptionMapper as a provider class
Feb 14, 2015 3:24:34 PM com.sun.jersey.spi.spring.container.SpringComponentProviderFactory registerSpringBeans
INFO: Registering Spring bean, platformDomainRuleExceptionMapper, of type org.mifosplatform.infrastructure.core.exceptionmapper.PlatformDomainRuleExceptionMapper as a provider class
Feb 14, 2015 3:24:34 PM com.sun.jersey.spi.spring.container.SpringComponentProviderFactory registerSpringBeans
INFO: Registering Spring bean, badCredentialsExceptionMapper, of type org.mifosplatform.infrastructure.core.exceptionmapper.BadCredentialsExceptionMapper as a provider class
Feb 14, 2015 3:24:34 PM com.sun.jersey.spi.spring.container.SpringComponentProviderFactory registerSpringBeans
INFO: Registering Spring bean, platformInternalServerExceptionMapper, of type org.mifosplatform.infrastructure.core.exceptionmapper.PlatformInternalServerExceptionMapper as a provider class
Feb 14, 2015 3:24:34 PM com.sun.jersey.spi.spring.container.SpringComponentProviderFactory registerSpringBeans
INFO: Registering Spring bean, platformDataIntegrityExceptionMapper, of type org.mifosplatform.infrastructure.core.exceptionmapper.PlatformDataIntegrityExceptionMapper as a provider class
Feb 14, 2015 3:24:34 PM com.sun.jersey.spi.spring.container.SpringComponentProviderFactory registerSpringBeans
INFO: Registering Spring bean, noAuthorizationExceptionMapper, of type org.mifosplatform.infrastructure.core.exceptionmapper.NoAuthorizationExceptionMapper as a provider class
Feb 14, 2015 3:24:34 PM com.sun.jersey.spi.spring.container.SpringComponentProviderFactory registerSpringBeans
INFO: Registering Spring bean, platformResourceNotFoundExceptionMapper, of type org.mifosplatform.infrastructure.core.exceptionmapper.PlatformResourceNotFoundExceptionMapper as a provider class
Feb 14, 2015 3:24:34 PM com.sun.jersey.spi.spring.container.SpringComponentProviderFactory registerSpringBeans
INFO: Registering Spring bean, unrecognizedQueryParamExceptionMapper, of type org.mifosplatform.infrastructure.core.exceptionmapper.UnrecognizedQueryParamExceptionMapper as a provider class
Feb 14, 2015 3:24:34 PM com.sun.jersey.spi.spring.container.SpringComponentProviderFactory registerSpringBeans
INFO: Registering Spring bean, unAuthenticatedUserExceptionMapper, of type org.mifosplatform.infrastructure.core.exceptionmapper.UnAuthenticatedUserExceptionMapper as a provider class
Feb 14, 2015 3:24:34 PM com.sun.jersey.spi.spring.container.SpringComponentProviderFactory registerSpringBeans
INFO: Registering Spring bean, malformedJsonExceptionMapper, of type org.mifosplatform.infrastructure.core.exceptionmapper.MalformedJsonExceptionMapper as a provider class
Feb 14, 2015 3:24:34 PM com.sun.jersey.spi.spring.container.SpringComponentProviderFactory registerSpringBeans
INFO: Registering Spring bean, invalidTenantIdentifierExceptionMapper, of type org.mifosplatform.infrastructure.core.exceptionmapper.InvalidTenantIdentifierExceptionMapper as a provider class
Feb 14, 2015 3:24:34 PM com.sun.jersey.spi.spring.container.SpringComponentProviderFactory registerSpringBeans
INFO: Registering Spring bean, unsupportedCommandExceptionMapper, of type org.mifosplatform.infrastructure.core.exceptionmapper.UnsupportedCommandExceptionMapper as a provider class
Feb 14, 2015 3:24:34 PM com.sun.jersey.spi.spring.container.SpringComponentProviderFactory registerSpringBeans
INFO: Registering Spring bean, jsonSyntaxExceptionMapper, of type org.mifosplatform.infrastructure.core.exceptionmapper.JsonSyntaxExceptionMapper as a provider class
Feb 14, 2015 3:24:34 PM com.sun.jersey.spi.spring.container.SpringComponentProviderFactory registerSpringBeans
INFO: Registering Spring bean, schedulerApiResource, of type org.mifosplatform.infrastructure.jobs.api.SchedulerApiResource as a root resource class
Feb 14, 2015 3:24:34 PM com.sun.jersey.spi.spring.container.SpringComponentProviderFactory registerSpringBeans
INFO: Registering Spring bean, schedulerJobApiResource, of type org.mifosplatform.infrastructure.jobs.api.SchedulerJobApiResource as a root resource class
Feb 14, 2015 3:24:34 PM com.sun.jersey.spi.spring.container.SpringComponentProviderFactory registerSpringBeans
INFO: Registering Spring bean, configurationApiResource, of type org.mifosplatform.infrastructure.configuration.api.ConfigurationApiResource as a root resource class
Feb 14, 2015 3:24:34 PM com.sun.jersey.spi.spring.container.SpringComponentProviderFactory registerSpringBeans
INFO: Registering Spring bean, documentManagementApiResource, of type org.mifosplatform.infrastructure.documentmanagement.api.DocumentManagementApiResource as a root resource class
Feb 14, 2015 3:24:34 PM com.sun.jersey.spi.spring.container.SpringComponentProviderFactory registerSpringBeans
INFO: Registering Spring bean, voucherPinApiResource, of type org.mifosplatform.organisation.voucher.api.VoucherPinApiResource as a root resource class
Feb 14, 2015 3:24:34 PM com.sun.jersey.spi.spring.container.SpringComponentProviderFactory registerSpringBeans
INFO: Registering Spring bean, officeAdjustmentsApiResource, of type org.mifosplatform.organisation.officeadjustments.api.OfficeAdjustmentsApiResource as a root resource class
Feb 14, 2015 3:24:34 PM com.sun.jersey.spi.spring.container.SpringComponentProviderFactory registerSpringBeans
INFO: Registering Spring bean, officePaymentsApiResource, of type org.mifosplatform.organisation.officepayments.api.OfficePaymentsApiResource as a root resource class
Feb 14, 2015 3:24:34 PM com.sun.jersey.spi.spring.container.SpringComponentProviderFactory registerSpringBeans
INFO: Registering Spring bean, staffApiResource, of type org.mifosplatform.organisation.staff.api.StaffApiResource as a root resource class
Feb 14, 2015 3:24:34 PM com.sun.jersey.spi.spring.container.SpringComponentProviderFactory registerSpringBeans
INFO: Registering Spring bean, groupsDetailsApiResource, of type org.mifosplatform.organisation.groupsdetails.api.GroupsDetailsApiResource as a root resource class
Feb 14, 2015 3:24:34 PM com.sun.jersey.spi.spring.container.SpringComponentProviderFactory registerSpringBeans
INFO: Registering Spring bean, regionApiResource, of type org.mifosplatform.organisation.region.api.RegionApiResource as a root resource class
Feb 14, 2015 3:24:34 PM com.sun.jersey.spi.spring.container.SpringComponentProviderFactory registerSpringBeans
INFO: Registering Spring bean, currenciesApiResource, of type org.mifosplatform.organisation.monetary.api.CurrenciesApiResource as a root resource class
Feb 14, 2015 3:24:34 PM com.sun.jersey.spi.spring.container.SpringComponentProviderFactory registerSpringBeans
INFO: Registering Spring bean, ipPoolManagementApiResource, of type org.mifosplatform.organisation.ippool.api.IpPoolManagementApiResource as a root resource class
Feb 14, 2015 3:24:34 PM com.sun.jersey.spi.spring.container.SpringComponentProviderFactory registerSpringBeans
INFO: Registering Spring bean, hardwarePlanMappingApiResource, of type org.mifosplatform.organisation.hardwareplanmapping.api.HardwarePlanMappingApiResource as a root resource class
Feb 14, 2015 3:24:34 PM com.sun.jersey.spi.spring.container.SpringComponentProviderFactory registerSpringBeans
INFO: Registering Spring bean, officeFinancialTransactionApiResource, of type org.mifosplatform.organisation.officefinancialtransaction.api.OfficeFinancialTransactionApiResource as a root resource class
Feb 14, 2015 3:24:34 PM com.sun.jersey.spi.spring.container.SpringComponentProviderFactory registerSpringBeans
INFO: Registering Spring bean, advanceSearchApiResource, of type org.mifosplatform.organisation.smartsearch.api.AdvanceSearchApiResource as a root resource class
Feb 14, 2015 3:24:34 PM com.sun.jersey.spi.spring.container.SpringComponentProviderFactory registerSpringBeans
INFO: Registering Spring bean, smartSearchApiResource, of type org.mifosplatform.organisation.smartsearch.api.SmartSearchApiResource as a root resource class
Feb 14, 2015 3:24:34 PM com.sun.jersey.spi.spring.container.SpringComponentProviderFactory registerSpringBeans
INFO: Registering Spring bean, clientAddressApiResource, of type org.mifosplatform.organisation.address.api.ClientAddressApiResource as a root resource class
Feb 14, 2015 3:24:34 PM com.sun.jersey.spi.spring.container.SpringComponentProviderFactory registerSpringBeans
INFO: Registering Spring bean, officesApiResource, of type org.mifosplatform.organisation.office.api.OfficesApiResource as a root resource class
Feb 14, 2015 3:24:34 PM com.sun.jersey.spi.spring.container.SpringComponentProviderFactory registerSpringBeans
INFO: Registering Spring bean, officeTransactionsApiResource, of type org.mifosplatform.organisation.office.api.OfficeTransactionsApiResource as a root resource class
Feb 14, 2015 3:24:34 PM com.sun.jersey.spi.spring.container.SpringComponentProviderFactory registerSpringBeans
INFO: Registering Spring bean, redemptionApiResource, of type org.mifosplatform.organisation.redemption.api.RedemptionApiResource as a root resource class
Feb 14, 2015 3:24:34 PM com.sun.jersey.spi.spring.container.SpringComponentProviderFactory registerSpringBeans
INFO: Registering Spring bean, billingMessageApiResource, of type org.mifosplatform.organisation.message.api.BillingMessageApiResource as a root resource class
Feb 14, 2015 3:24:34 PM com.sun.jersey.spi.spring.container.SpringComponentProviderFactory registerSpringBeans
INFO: Registering Spring bean, MCodeApiResource, of type org.mifosplatform.organisation.mcodevalues.api.MCodeApiResource as a root resource class
Feb 14, 2015 3:24:34 PM com.sun.jersey.spi.spring.container.SpringComponentProviderFactory registerSpringBeans
INFO: Registering Spring bean, mediaAssestApiResource, of type org.mifosplatform.cms.media.api.MediaAssestApiResource as a root resource class
Feb 14, 2015 3:24:34 PM com.sun.jersey.spi.spring.container.SpringComponentProviderFactory registerSpringBeans
INFO: Registering Spring bean, eventOrderApiResource, of type org.mifosplatform.cms.eventorder.api.EventOrderApiResource as a root resource class
Feb 14, 2015 3:24:34 PM com.sun.jersey.spi.spring.container.SpringComponentProviderFactory registerSpringBeans
INFO: Registering Spring bean, mediaAssestDetailsApiResource, of type org.mifosplatform.cms.mediadetails.api.MediaAssestDetailsApiResource as a root resource class
Feb 14, 2015 3:24:34 PM com.sun.jersey.spi.spring.container.SpringComponentProviderFactory registerSpringBeans
INFO: Registering Spring bean, epgProgramGuideApiResource, of type org.mifosplatform.cms.epgprogramguide.api.EpgProgramGuideApiResource as a root resource class
Feb 14, 2015 3:24:34 PM com.sun.jersey.spi.spring.container.SpringComponentProviderFactory registerSpringBeans
INFO: Registering Spring bean, mediaDeviceApiResource, of type org.mifosplatform.cms.mediadevice.api.MediaDeviceApiResource as a root resource class
Feb 14, 2015 3:24:34 PM com.sun.jersey.spi.spring.container.SpringComponentProviderFactory registerSpringBeans
INFO: Registering Spring bean, eventPriceApiResource, of type org.mifosplatform.cms.eventprice.api.EventPriceApiResource as a root resource class
Feb 14, 2015 3:24:34 PM com.sun.jersey.spi.spring.container.SpringComponentProviderFactory registerSpringBeans
INFO: Registering Spring bean, eventMasterApiResource, of type org.mifosplatform.cms.eventmaster.api.EventMasterApiResource as a root resource class
Feb 14, 2015 3:24:34 PM com.sun.jersey.spi.spring.container.SpringComponentProviderFactory registerSpringBeans
INFO: Registering Spring bean, clientProspectApiResource, of type org.mifosplatform.crm.clientprospect.api.ClientProspectApiResource as a root resource class
Feb 14, 2015 3:24:34 PM com.sun.jersey.spi.spring.container.SpringComponentProviderFactory registerSpringBeans
INFO: Registering Spring bean, userChatApiResource, of type org.mifosplatform.crm.userchat.api.UserChatApiResource as a root resource class
Feb 14, 2015 3:24:34 PM com.sun.jersey.spi.spring.container.SpringComponentProviderFactory registerSpringBeans
INFO: Registering Spring bean, ticketMasterApiResource, of type org.mifosplatform.crm.ticketmaster.api.TicketMasterApiResource as a root resource class
Feb 14, 2015 3:24:34 PM com.sun.jersey.spi.spring.container.SpringComponentProviderFactory registerSpringBeans
INFO: Registering Spring bean, billingOrderApiResourse, of type org.mifosplatform.finance.billingorder.api.BillingOrderApiResourse as a root resource class
Feb 14, 2015 3:24:34 PM com.sun.jersey.spi.spring.container.SpringComponentProviderFactory registerSpringBeans
INFO: Registering Spring bean, paymentsApiResource, of type org.mifosplatform.finance.payments.api.PaymentsApiResource as a root resource class
Feb 14, 2015 3:24:34 PM com.sun.jersey.spi.spring.container.SpringComponentProviderFactory registerSpringBeans
INFO: Registering Spring bean, creditDistributionApiResource, of type org.mifosplatform.finance.creditdistribution.api.CreditDistributionApiResource as a root resource class
Feb 14, 2015 3:24:34 PM com.sun.jersey.spi.spring.container.SpringComponentProviderFactory registerSpringBeans
INFO: Registering Spring bean, paymentGatewayApiResource, of type org.mifosplatform.finance.paymentsgateway.api.PaymentGatewayApiResource as a root resource class
Feb 14, 2015 3:24:34 PM com.sun.jersey.spi.spring.container.SpringComponentProviderFactory registerSpringBeans
INFO: Registering Spring bean, paymentGatewayConfigurationApiResource, of type org.mifosplatform.finance.paymentsgateway.api.PaymentGatewayConfigurationApiResource as a root resource class
Feb 14, 2015 3:24:34 PM com.sun.jersey.spi.spring.container.SpringComponentProviderFactory registerSpringBeans
INFO: Registering Spring bean, financialTransactionApiResource, of type org.mifosplatform.finance.financialtransaction.api.FinancialTransactionApiResource as a root resource class
Feb 14, 2015 3:24:34 PM com.sun.jersey.spi.spring.container.SpringComponentProviderFactory registerSpringBeans
INFO: Registering Spring bean, clientBalanceApiResource, of type org.mifosplatform.finance.clientbalance.api.ClientBalanceApiResource as a root resource class
Feb 14, 2015 3:24:34 PM com.sun.jersey.spi.spring.container.SpringComponentProviderFactory registerSpringBeans
INFO: Registering Spring bean, billingMasterApiResourse, of type org.mifosplatform.finance.billingmaster.api.BillingMasterApiResourse as a root resource class
Feb 14, 2015 3:24:34 PM com.sun.jersey.spi.spring.container.SpringComponentProviderFactory registerSpringBeans
INFO: Registering Spring bean, adjustmentApiResource, of type org.mifosplatform.finance.adjustment.api.AdjustmentApiResource as a root resource class
Feb 14, 2015 3:24:34 PM com.sun.jersey.spi.spring.container.SpringComponentProviderFactory registerSpringBeans
INFO: Registering Spring bean, centersApiResource, of type org.mifosplatform.portfolio.group.api.CentersApiResource as a root resource class
Feb 14, 2015 3:24:34 PM com.sun.jersey.spi.spring.container.SpringComponentProviderFactory registerSpringBeans
INFO: Registering Spring bean, groupsLevelApiResource, of type org.mifosplatform.portfolio.group.api.GroupsLevelApiResource as a root resource class
Feb 14, 2015 3:24:34 PM com.sun.jersey.spi.spring.container.SpringComponentProviderFactory registerSpringBeans
INFO: Registering Spring bean, groupsApiResource, of type org.mifosplatform.portfolio.group.api.GroupsApiResource as a root resource class
Feb 14, 2015 3:24:34 PM com.sun.jersey.spi.spring.container.SpringComponentProviderFactory registerSpringBeans
INFO: Registering Spring bean, clientParentApiResource, of type org.mifosplatform.portfolio.client.api.ClientParentApiResource as a root resource class
Feb 14, 2015 3:24:34 PM com.sun.jersey.spi.spring.container.SpringComponentProviderFactory registerSpringBeans
INFO: Registering Spring bean, taxExemptionApiResource, of type org.mifosplatform.portfolio.client.api.TaxExemptionApiResource as a root resource class
Feb 14, 2015 3:24:34 PM com.sun.jersey.spi.spring.container.SpringComponentProviderFactory registerSpringBeans
INFO: Registering Spring bean, clientImagesApiResource, of type org.mifosplatform.portfolio.client.api.ClientImagesApiResource as a root resource class
Feb 14, 2015 3:24:34 PM com.sun.jersey.spi.spring.container.SpringComponentProviderFactory registerSpringBeans
INFO: Registering Spring bean, clientsApiResource, of type org.mifosplatform.portfolio.client.api.ClientsApiResource as a root resource class
Feb 14, 2015 3:24:34 PM com.sun.jersey.spi.spring.container.SpringComponentProviderFactory registerSpringBeans
INFO: Registering Spring bean, clientCardDetailsApiResource, of type org.mifosplatform.portfolio.client.api.ClientCardDetailsApiResource as a root resource class
Feb 14, 2015 3:24:34 PM com.sun.jersey.spi.spring.container.SpringComponentProviderFactory registerSpringBeans
INFO: Registering Spring bean, clientIdentifiersApiResource, of type org.mifosplatform.portfolio.client.api.ClientIdentifiersApiResource as a root resource class
Feb 14, 2015 3:24:34 PM com.sun.jersey.spi.spring.container.SpringComponentProviderFactory registerSpringBeans
INFO: Registering Spring bean, clientBillModeApiResource, of type org.mifosplatform.portfolio.client.api.ClientBillModeApiResource as a root resource class
Feb 14, 2015 3:24:34 PM com.sun.jersey.spi.spring.container.SpringComponentProviderFactory registerSpringBeans
INFO: Registering Spring bean, plansApiResource, of type org.mifosplatform.portfolio.plan.api.PlansApiResource as a root resource class
Feb 14, 2015 3:24:34 PM com.sun.jersey.spi.spring.container.SpringComponentProviderFactory registerSpringBeans
INFO: Registering Spring bean, associationApiResource, of type org.mifosplatform.portfolio.association.api.AssociationApiResource as a root resource class
Feb 14, 2015 3:24:34 PM com.sun.jersey.spi.spring.container.SpringComponentProviderFactory registerSpringBeans
INFO: Registering Spring bean, ordersApiResource, of type org.mifosplatform.portfolio.order.api.OrdersApiResource as a root resource class
Feb 14, 2015 3:24:34 PM com.sun.jersey.spi.spring.container.SpringComponentProviderFactory registerSpringBeans
INFO: Registering Spring bean, searchApiResource, of type org.mifosplatform.portfolio.search.api.SearchApiResource as a root resource class
Feb 14, 2015 3:24:34 PM com.sun.jersey.spi.spring.container.SpringComponentProviderFactory registerSpringBeans
INFO: Registering Spring bean, notesApiResource, of type org.mifosplatform.portfolio.note.api.NotesApiResource as a root resource class
Feb 14, 2015 3:24:34 PM com.sun.jersey.spi.spring.container.SpringComponentProviderFactory registerSpringBeans
INFO: Registering Spring bean, transactionHistoryApiResource, of type org.mifosplatform.portfolio.transactionhistory.api.TransactionHistoryApiResource as a root resource class
Feb 14, 2015 3:24:34 PM com.sun.jersey.spi.spring.container.SpringComponentProviderFactory registerSpringBeans
INFO: Registering Spring bean, activationProcessApiResource, of type org.mifosplatform.portfolio.activationprocess.api.ActivationProcessApiResource as a root resource class
Feb 14, 2015 3:24:34 PM com.sun.jersey.spi.spring.container.SpringComponentProviderFactory registerSpringBeans
INFO: Registering Spring bean, calendarsApiResource, of type org.mifosplatform.portfolio.calendar.api.CalendarsApiResource as a root resource class
Feb 14, 2015 3:24:34 PM com.sun.jersey.spi.spring.container.SpringComponentProviderFactory registerSpringBeans
INFO: Registering Spring bean, hardwareSwappingApiResource, of type org.mifosplatform.portfolio.hardwareswapping.api.HardwareSwappingApiResource as a root resource class
Feb 14, 2015 3:24:34 PM com.sun.jersey.spi.spring.container.SpringComponentProviderFactory registerSpringBeans
INFO: Registering Spring bean, serviceMasterApiResource, of type org.mifosplatform.portfolio.service.api.ServiceMasterApiResource as a root resource class
Feb 14, 2015 3:24:34 PM com.sun.jersey.spi.spring.container.SpringComponentProviderFactory registerSpringBeans
INFO: Registering Spring bean, planServicesApiResource, of type org.mifosplatform.portfolio.planservice.api.PlanServicesApiResource as a root resource class
Feb 14, 2015 3:24:34 PM com.sun.jersey.spi.spring.container.SpringComponentProviderFactory registerSpringBeans
INFO: Registering Spring bean, eventActionsApiResource, of type org.mifosplatform.portfolio.planservice.api.EventActionsApiResource as a root resource class
Feb 14, 2015 3:24:34 PM com.sun.jersey.spi.spring.container.SpringComponentProviderFactory registerSpringBeans
INFO: Registering Spring bean, planMappingApiResource, of type org.mifosplatform.portfolio.planmapping.api.PlanMappingApiResource as a root resource class
Feb 14, 2015 3:24:34 PM com.sun.jersey.spi.spring.container.SpringComponentProviderFactory registerSpringBeans
INFO: Registering Spring bean, serviceMappingApiResource, of type org.mifosplatform.portfolio.servicemapping.api.ServiceMappingApiResource as a root resource class
Feb 14, 2015 3:24:34 PM com.sun.jersey.spi.spring.container.SpringComponentProviderFactory registerSpringBeans
INFO: Registering Spring bean, contractPeriodApiResource, of type org.mifosplatform.portfolio.contract.api.ContractPeriodApiResource as a root resource class
Feb 14, 2015 3:24:34 PM com.sun.jersey.spi.spring.container.SpringComponentProviderFactory registerSpringBeans
INFO: Registering Spring bean, pricingApiResource, of type org.mifosplatform.billing.planprice.api.PricingApiResource as a root resource class
Feb 14, 2015 3:24:34 PM com.sun.jersey.spi.spring.container.SpringComponentProviderFactory registerSpringBeans
INFO: Registering Spring bean, countryCurrecnyApiResource, of type org.mifosplatform.billing.currency.api.CountryCurrecnyApiResource as a root resource class
Feb 14, 2015 3:24:34 PM com.sun.jersey.spi.spring.container.SpringComponentProviderFactory registerSpringBeans
INFO: Registering Spring bean, promotionCodesApiResource, of type org.mifosplatform.billing.promotioncodes.api.PromotionCodesApiResource as a root resource class
Feb 14, 2015 3:24:34 PM com.sun.jersey.spi.spring.container.SpringComponentProviderFactory registerSpringBeans
INFO: Registering Spring bean, discountMasterAPiResource, of type org.mifosplatform.billing.discountmaster.api.DiscountMasterAPiResource as a root resource class
Feb 14, 2015 3:24:34 PM com.sun.jersey.spi.spring.container.SpringComponentProviderFactory registerSpringBeans
INFO: Registering Spring bean, selfCareApiResource, of type org.mifosplatform.billing.selfcare.api.SelfCareApiResource as a root resource class
Feb 14, 2015 3:24:34 PM com.sun.jersey.spi.spring.container.SpringComponentProviderFactory registerSpringBeans
INFO: Registering Spring bean, logoutApiResource, of type org.mifosplatform.billing.loginhistory.api.LogoutApiResource as a root resource class
Feb 14, 2015 3:24:34 PM com.sun.jersey.spi.spring.container.SpringComponentProviderFactory registerSpringBeans
INFO: Registering Spring bean, taxMapApiResource, of type org.mifosplatform.billing.taxmapping.api.TaxMapApiResource as a root resource class
Feb 14, 2015 3:24:34 PM com.sun.jersey.spi.spring.container.SpringComponentProviderFactory registerSpringBeans
INFO: Registering Spring bean, chargeCodeApiResource, of type org.mifosplatform.billing.chargecode.api.ChargeCodeApiResource as a root resource class
Feb 14, 2015 3:24:34 PM com.sun.jersey.spi.spring.container.SpringComponentProviderFactory registerSpringBeans
INFO: Registering Spring bean, linkupAcApiResource, of type org.mifosplatform.billing.linkup.api.LinkupAcApiResource as a root resource class
Feb 14, 2015 3:24:34 PM com.sun.jersey.spi.spring.container.SpringComponentProviderFactory registerSpringBeans
INFO: Registering Spring bean, invoiceApiResource, of type org.mifosplatform.billing.invoice.api.InvoiceApiResource as a root resource class
Feb 14, 2015 3:24:34 PM com.sun.jersey.spi.spring.container.SpringComponentProviderFactory registerSpringBeans
INFO: Registering Spring bean, grnApiResource, of type org.mifosplatform.logistics.grn.api.GrnApiResource as a root resource class
Feb 14, 2015 3:24:34 PM com.sun.jersey.spi.spring.container.SpringComponentProviderFactory registerSpringBeans
INFO: Registering Spring bean, ownedHardwareApiResource, of type org.mifosplatform.logistics.ownedhardware.api.OwnedHardwareApiResource as a root resource class
Feb 14, 2015 3:24:34 PM com.sun.jersey.spi.spring.container.SpringComponentProviderFactory registerSpringBeans
INFO: Registering Spring bean, itemApiResource, of type org.mifosplatform.logistics.item.api.ItemApiResource as a root resource class
Feb 14, 2015 3:24:34 PM com.sun.jersey.spi.spring.container.SpringComponentProviderFactory registerSpringBeans
INFO: Registering Spring bean, supplierApiResource, of type org.mifosplatform.logistics.supplier.api.SupplierApiResource as a root resource class
Feb 14, 2015 3:24:34 PM com.sun.jersey.spi.spring.container.SpringComponentProviderFactory registerSpringBeans
INFO: Registering Spring bean, oneTimeSalesApiResource, of type org.mifosplatform.logistics.onetimesale.api.OneTimeSalesApiResource as a root resource class
Feb 14, 2015 3:24:34 PM com.sun.jersey.spi.spring.container.SpringComponentProviderFactory registerSpringBeans
INFO: Registering Spring bean, MRNDetailsApiResource, of type org.mifosplatform.logistics.mrn.api.MRNDetailsApiResource as a root resource class
Feb 14, 2015 3:24:34 PM com.sun.jersey.spi.spring.container.SpringComponentProviderFactory registerSpringBeans
INFO: Registering Spring bean, itemSaleAPiResource, of type org.mifosplatform.logistics.agent.api.ItemSaleAPiResource as a root resource class
Feb 14, 2015 3:24:34 PM com.sun.jersey.spi.spring.container.SpringComponentProviderFactory registerSpringBeans
INFO: Registering Spring bean, itemDetailsApiResource, of type org.mifosplatform.logistics.itemdetails.api.ItemDetailsApiResource as a root resource class
Feb 14, 2015 3:24:34 PM com.sun.jersey.spi.spring.container.SpringComponentProviderFactory registerSpringBeans
INFO: Registering Spring bean, usersApiResource, of type org.mifosplatform.useradministration.api.UsersApiResource as a root resource class
Feb 14, 2015 3:24:34 PM com.sun.jersey.spi.spring.container.SpringComponentProviderFactory registerSpringBeans
INFO: Registering Spring bean, permissionsApiResource, of type org.mifosplatform.useradministration.api.PermissionsApiResource as a root resource class
Feb 14, 2015 3:24:34 PM com.sun.jersey.spi.spring.container.SpringComponentProviderFactory registerSpringBeans
INFO: Registering Spring bean, rolesApiResource, of type org.mifosplatform.useradministration.api.RolesApiResource as a root resource class
Feb 14, 2015 3:24:34 PM com.sun.jersey.spi.spring.container.SpringComponentProviderFactory registerSpringBeans
INFO: Registering Spring bean, radiusAPiResource, of type org.mifosplatform.freeradius.radius.api.RadiusAPiResource as a root resource class
Feb 14, 2015 3:24:34 PM com.sun.jersey.spi.spring.container.SpringComponentProviderFactory registerSpringBeans
INFO: Registering Spring bean, eventValidationApiResource, of type org.mifosplatform.workflow.eventvalidation.api.EventValidationApiResource as a root resource class
Feb 14, 2015 3:24:34 PM com.sun.jersey.spi.spring.container.SpringComponentProviderFactory registerSpringBeans
INFO: Registering Spring bean, eventActionMappingApiResource, of type org.mifosplatform.workflow.eventactionmapping.api.EventActionMappingApiResource as a root resource class
Feb 14, 2015 3:24:34 PM com.sun.jersey.spi.spring.container.SpringComponentProviderFactory registerSpringBeans
INFO: Registering Spring bean, eventActionApiResource, of type org.mifosplatform.workflow.eventaction.api.EventActionApiResource as a root resource class
Feb 14, 2015 3:24:34 PM com.sun.jersey.spi.spring.container.SpringComponentProviderFactory registerSpringBeans
INFO: Registering Spring bean, provisioningActionsApiResource, of type org.mifosplatform.provisioning.provsionactions.api.ProvisioningActionsApiResource as a root resource class
Feb 14, 2015 3:24:34 PM com.sun.jersey.spi.spring.container.SpringComponentProviderFactory registerSpringBeans
INFO: Registering Spring bean, provisioningAdapterApiResource, of type org.mifosplatform.provisioning.provisioning.api.ProvisioningAdapterApiResource as a root resource class
Feb 14, 2015 3:24:34 PM com.sun.jersey.spi.spring.container.SpringComponentProviderFactory registerSpringBeans
INFO: Registering Spring bean, provisioningApiResource, of type org.mifosplatform.provisioning.provisioning.api.ProvisioningApiResource as a root resource class
Feb 14, 2015 3:24:34 PM com.sun.jersey.spi.spring.container.SpringComponentProviderFactory registerSpringBeans
INFO: Registering Spring bean, entitlementsApiResource, of type org.mifosplatform.provisioning.entitlements.api.EntitlementsApiResource as a root resource class
Feb 14, 2015 3:24:34 PM com.sun.jersey.spi.spring.container.SpringComponentProviderFactory registerSpringBeans
INFO: Registering Spring bean, dataUploadApiResource, of type org.mifosplatform.scheduledjobs.dataupload.api.DataUploadApiResource as a root resource class
Feb 14, 2015 3:24:34 PM com.sun.jersey.server.impl.application.WebApplicationImpl _initiate
INFO: Initiating Jersey application, version 'Jersey: 1.17 01/17/2013 03:31 PM'
Feb 14, 2015 3:24:36 PM org.apache.catalina.startup.HostConfig deployWAR
INFO: Deployment of web application archive /usr/local/tomcat7/webapps/obsplatform.war has finished in 66,433 ms
Feb 14, 2015 3:24:36 PM org.apache.catalina.startup.HostConfig deployDirectory
INFO: Deploying web application directory /usr/local/tomcat7/webapps/manager
Feb 14, 2015 3:24:36 PM org.apache.catalina.startup.HostConfig deployDirectory
INFO: Deployment of web application directory /usr/local/tomcat7/webapps/manager has finished in 322 ms
Feb 14, 2015 3:24:36 PM org.apache.catalina.startup.HostConfig deployDirectory
INFO: Deploying web application directory /usr/local/tomcat7/webapps/host-manager
Feb 14, 2015 3:24:36 PM org.apache.catalina.startup.HostConfig deployDirectory
INFO: Deployment of web application directory /usr/local/tomcat7/webapps/host-manager has finished in 170 ms
Feb 14, 2015 3:24:36 PM org.apache.catalina.startup.HostConfig deployDirectory
INFO: Deploying web application directory /usr/local/tomcat7/webapps/examples
Feb 14, 2015 3:24:36 PM org.apache.catalina.startup.HostConfig deployDirectory
INFO: Deployment of web application directory /usr/local/tomcat7/webapps/examples has finished in 330 ms
Feb 14, 2015 3:24:36 PM org.apache.catalina.startup.HostConfig deployDirectory
INFO: Deploying web application directory /usr/local/tomcat7/webapps/ROOT
Feb 14, 2015 3:24:37 PM org.apache.catalina.startup.HostConfig deployDirectory
INFO: Deployment of web application directory /usr/local/tomcat7/webapps/ROOT has finished in 109 ms
Feb 14, 2015 3:24:37 PM org.apache.catalina.startup.HostConfig deployDirectory
INFO: Deploying web application directory /usr/local/tomcat7/webapps/docs
Feb 14, 2015 3:24:37 PM org.apache.catalina.startup.HostConfig deployDirectory
INFO: Deployment of web application directory /usr/local/tomcat7/webapps/docs has finished in 115 ms
Feb 14, 2015 3:24:37 PM org.apache.catalina.startup.HostConfig deployDirectory
INFO: Deploying web application directory /usr/local/tomcat7/webapps/Clientapp
Feb 14, 2015 3:24:37 PM org.apache.catalina.startup.HostConfig deployDirectory
INFO: Deployment of web application directory /usr/local/tomcat7/webapps/Clientapp has finished in 113 ms
Feb 14, 2015 3:24:37 PM org.apache.coyote.AbstractProtocol start
INFO: Starting ProtocolHandler ["http-bio-8443"]
Feb 14, 2015 3:24:37 PM org.apache.catalina.startup.Catalina start
INFO: Server startup in 68037 ms
